<?xml version="1.0" encoding="UTF-8"?>
<testng-results ignored="0" total="3" passed="3" failed="0" skipped="0">
  <reporter-output>
  </reporter-output>
  <suite started-at="2020-04-25T20:02:53 EDT" name="Suite" finished-at="2020-04-25T20:03:22 EDT" duration-ms="28429">
    <groups>
    </groups>
    <test started-at="2020-04-25T20:02:53 EDT" name="Test" finished-at="2020-04-25T20:03:22 EDT" duration-ms="28429">
      <class name="com.demoaut.newtours.Tests.VerifyFlightBookingTest">
        <test-method is-config="true" signature="openApplication()[pri:0, instance:com.demoaut.newtours.Tests.VerifyFlightBookingTest@2898ac89]" started-at="2020-04-25T20:02:53 EDT" name="openApplication" finished-at="2020-04-25T20:02:58 EDT" duration-ms="4520" status="PASS">
          <reporter-output>
          </reporter-output>
        </test-method> <!-- openApplication -->
        <test-method signature="verifyFlghtBooking()[pri:0, instance:com.demoaut.newtours.Tests.VerifyFlightBookingTest@2898ac89]" started-at="2020-04-25T20:02:58 EDT" name="verifyFlghtBooking" finished-at="2020-04-25T20:03:06 EDT" duration-ms="7947" status="PASS">
          <reporter-output>
          </reporter-output>
        </test-method> <!-- verifyFlghtBooking -->
        <test-method is-config="true" signature="closeApplication()[pri:0, instance:com.demoaut.newtours.Tests.VerifyFlightBookingTest@2898ac89]" started-at="2020-04-25T20:03:06 EDT" name="closeApplication" finished-at="2020-04-25T20:03:06 EDT" duration-ms="127" status="PASS">
          <reporter-output>
          </reporter-output>
        </test-method> <!-- closeApplication -->
      </class> <!-- com.demoaut.newtours.Tests.VerifyFlightBookingTest -->
      <class name="com.demoaut.newtours.Tests.VerifyValidLoginTest">
        <test-method is-config="true" signature="openApplication()[pri:0, instance:com.demoaut.newtours.Tests.VerifyValidLoginTest@68267da0]" started-at="2020-04-25T20:03:12 EDT" name="openApplication" finished-at="2020-04-25T20:03:16 EDT" duration-ms="4136" status="PASS">
          <reporter-output>
          </reporter-output>
        </test-method> <!-- openApplication -->
        <test-method signature="verifyValidLogin()[pri:0, instance:com.demoaut.newtours.Tests.VerifyValidLoginTest@68267da0]" started-at="2020-04-25T20:03:16 EDT" name="verifyValidLogin" finished-at="2020-04-25T20:03:22 EDT" duration-ms="5485" status="PASS">
          <reporter-output>
          </reporter-output>
        </test-method> <!-- verifyValidLogin -->
        <test-method is-config="true" signature="closeApplication()[pri:0, instance:com.demoaut.newtours.Tests.VerifyValidLoginTest@68267da0]" started-at="2020-04-25T20:03:22 EDT" name="closeApplication" finished-at="2020-04-25T20:03:22 EDT" duration-ms="128" status="PASS">
          <reporter-output>
          </reporter-output>
        </test-method> <!-- closeApplication -->
      </class> <!-- com.demoaut.newtours.Tests.VerifyValidLoginTest -->
      <class name="com.demoaut.newtours.Tests.VerifyInvalidLoginTest">
        <test-method is-config="true" signature="openApplication()[pri:0, instance:com.demoaut.newtours.Tests.VerifyInvalidLoginTest@683dbc2c]" started-at="2020-04-25T20:03:06 EDT" name="openApplication" finished-at="2020-04-25T20:03:10 EDT" duration-ms="4063" status="PASS">
          <reporter-output>
          </reporter-output>
        </test-method> <!-- openApplication -->
        <test-method signature="verifyInvalidLogin()[pri:0, instance:com.demoaut.newtours.Tests.VerifyInvalidLoginTest@683dbc2c]" started-at="2020-04-25T20:03:10 EDT" name="verifyInvalidLogin" finished-at="2020-04-25T20:03:12 EDT" duration-ms="1862" status="PASS">
          <reporter-output>
          </reporter-output>
        </test-method> <!-- verifyInvalidLogin -->
        <test-method is-config="true" signature="closeApplication()[pri:0, instance:com.demoaut.newtours.Tests.VerifyInvalidLoginTest@683dbc2c]" started-at="2020-04-25T20:03:12 EDT" name="closeApplication" finished-at="2020-04-25T20:03:12 EDT" duration-ms="124" status="PASS">
          <reporter-output>
          </reporter-output>
        </test-method> <!-- closeApplication -->
      </class> <!-- com.demoaut.newtours.Tests.VerifyInvalidLoginTest -->
    </test> <!-- Test -->
  </suite> <!-- Suite -->
</testng-results>
