<?xml version="1.0" encoding="UTF-8"?>
<!-- Generated by org.testng.reporters.JUnitXMLReporter -->
<testsuite ignored="0" hostname="LAPTOP-LJLOR2F2" failures="0" tests="3" name="Test" time="28.429" errors="0" timestamp="2020-04-25T20:03:22 EDT">
  <testcase classname="com.demoaut.newtours.Tests.VerifyFlightBookingTest" name="verifyFlghtBooking" time="7.947"/>
  <testcase classname="com.demoaut.newtours.Tests.VerifyInvalidLoginTest" name="verifyInvalidLogin" time="1.862"/>
  <testcase classname="com.demoaut.newtours.Tests.VerifyValidLoginTest" name="verifyValidLogin" time="5.485"/>
</testsuite> <!-- Test -->
